Build started 9/5/2012 2:22:00 AM.
     1>Project "C:\Users\Cary\Documents\GitHub\HomeWork01\HomeWork01\vc10\HomeWork01.vcxproj" on node 2 (build target(s)).
     1>InitializeBuildStatus:
         Creating "Debug\HomeWork01.unsuccessfulbuild" because "AlwaysCreate" was specified.
       ClCompile:
         All outputs are up-to-date.
       ResourceCompile:
         All outputs are up-to-date.
       ManifestResourceCompile:
         All outputs are up-to-date.
       Link:
         All outputs are up-to-date.
       Manifest:
         All outputs are up-to-date.
       FinalizeBuildStatus:
         Deleting file "Debug\HomeWork01.unsuccessfulbuild".
         Touching "Debug\HomeWork01.lastbuildstate".
     1>Done Building Project "C:\Users\Cary\Documents\GitHub\HomeWork01\HomeWork01\vc10\HomeWork01.vcxproj" (build target(s)).

Build succeeded.

Time Elapsed 00:00:00.70
